INFO - 2018-06-05 17:44:44,231  - New Connection: ('127.0.0.1', 60325)
INFO - 2018-06-05 17:45:04,592  - Received From ('127.0.0.1', 60325): "IAMAT kiwi.cs.ucla.edu +34.068930-118.445127 1520023934.918963997"
INFO - 2018-06-05 17:45:04,592  - To Client ('127.0.0.1', 60325) : "AT Goloman +8221969.673483372 kiwi.cs.ucla.edu +34.068930-118.445127 1520023934.918963997"
INFO - 2018-06-05 17:45:04,593  - Server Hands Up
INFO - 2018-06-05 17:45:04,593  - Recipient: Hands Output: AT Goloman +8221969.673483372 kiwi.cs.ucla.edu +34.068930-118.445127 1520023934.918963997 Goloman

INFO - 2018-06-05 17:45:19,458  - Received From ('127.0.0.1', 60325): "WHATSAT kiwi.cs.ucla.edu 10 5"
INFO - 2018-06-05 17:45:19,866  - From Google : {'html_attributions': [], 'results': [{'geometry': {'location': {'lat': 34.068864, 'lng': -118.4450156}, 'viewport': {'northeast': {'lat': 34.07021298029149, 'lng': -118.4436666197085}, 'southwest': {'lat': 34.0675150197085, 'lng': -118.4463645802915}}}, 'icon': 'https://maps.gstatic.com/mapfiles/place_api/icons/geocode-71.png', 'id': 'ef162ea4f60a0b3933fae75544dba377b996befa', 'name': 'Westwood Plaza', 'place_id': 'ChIJ6Re7qYi8woAR22jVhVAye2M', 'reference': 'CmRbAAAAWe7fwlykiztrd92KM99TAeiLzdtAogPOMlm1ZjlLdsdVcEENBpx969QOQG_zJiGXqX6X_iblmSPdhkoQWbKqW9RlKPgPoBBL8u-pvMdq9jS8sZ6c0LNQRf1TtbZ_BLCuEhCRpaH7bQqPu9WC_4MI4qagGhQuVwOyyQI3uIgQdvwXM75xmIgieg', 'scope': 'GOOGLE', 'types': ['route'], 'vicinity': 'Los Angeles'}, {'geometry': {'location': {'lat': 34.068921, 'lng': -118.4451811}, 'viewport': {'northeast': {'lat': 34.08632165, 'lng': -118.4298687}, 'southwest': {'lat': 34.05637465, 'lng': -118.4632287}}}, 'icon': 'https://maps.gstatic.com/mapfiles/place_api/icons/school-71.png', 'id': '4d56f16ad3d8976d49143fa4fdfffbc0a7ce8e39', 'name': 'University of California, Los Angeles', 'photos': [{'height': 3024, 'html_attributions': ['<a href="https://maps.google.com/maps/contrib/117926064907260379503/photos">Matt Peyton</a>'], 'photo_reference': 'CmRZAAAA6Cnh_mMVI_Ywiz6eZhKdGfexZe8Zo4AmmF8rWDfL0qr03GsxMuqYN06vib_aL-knZ-4ndOsXR4YemRWAsjRhmW2XuKqGRyeXz_ss8VJIIYZ27pnHyESWlORRkY8d_fltEhAxl34a8fFk4IEttWSHxW0bGhT6d9t0OX4o4uqoeHMgL6fEuBx8iQ', 'width': 4032}], 'place_id': 'ChIJZQ9c8IW8woARN0gTXFiTqSU', 'rating': 4.5, 'reference': 'CmRRAAAAIrzJmf5Rygeow_kfoc7JwttPorVDK1nu__yOmsOYx1V0H8S-dG-6-7d6ti8kOpjg-1RB3nCu6g-Cc00MbJiWo9Z-Q4-21GAnV7r6S6onLANYGc2F9po_C3D7Pptqq1rkEhDSVEKEW5S9F7t2ub385ef3GhRWZrM6rKYNWmgeVd-u-ok2ZxS2XA', 'scope': 'GOOGLE', 'types': ['university', 'point_of_interest', 'establishment'], 'vicinity': 'Los Angeles'}, {'geometry': {'location': {'lat': 34.068921, 'lng': -118.4451811}, 'viewport': {'northeast': {'lat': 34.0702699802915, 'lng': -118.4438321197085}, 'southwest': {'lat': 34.0675720197085, 'lng': -118.4465300802915}}}, 'icon': 'https://maps.gstatic.com/mapfiles/place_api/icons/generic_business-71.png', 'id': '05fd8bf85bbaa070a3a5456fe79271816aee00ca', 'name': "UCLA Alzheimer's and Dementia Care Program", 'opening_hours': {'open_now': False, 'weekday_text': []}, 'place_id': 'ChIJV9EqEDS7woAR-jAR0xH0lSQ', 'reference': 'CmRRAAAARPvl_zdIxlxbQkFgv_1JxC2oMtmYL-ZQFxQbFpLD6toXRtTmnoAYPjxmivjsDWtmLrpJrKk6Xc0z8oWGMScUGc4ySaCotSk8NHMGeJQiffY3oxB0asrqmxJHnenmmGKvEhDNj86N6HPJncLlWKTU15YMGhQaWwvqhf0RTW4qD3MQJvma8qCU8A', 'scope': 'GOOGLE', 'types': ['health', 'point_of_interest', 'establishment'], 'vicinity': '200 UCLA, Medical Plaza Driveway Suite #365A, Los Angeles'}, {'geometry': {'location': {'lat': 34.0522342, 'lng': -118.2436849}, 'viewport': {'northeast': {'lat': 34.3373061, 'lng': -118.1552891}, 'southwest': {'lat': 33.7036519, 'lng': -118.6681759}}}, 'icon': 'https://maps.gstatic.com/mapfiles/place_api/icons/geocode-71.png', 'id': '7f7b7d8118ae8db8ed3f541159ac928c484d12ad', 'name': 'Los Angeles', 'photos': [{'height': 1280, 'html_attributions': ['<a href="https://maps.google.com/maps/contrib/109425452136283017703/photos">Jasmine Bustillos</a>'], 'photo_reference': 'CmRaAAAA1D1l_6Oqym1ISDvl8Al1qnNyGpj51z_FQ00khSxyGKlMwdU1RjdAeBnY5dUWzpkdzkaN1_yBERqE1a65SJ7JNruFiyEU9-JWME6mtcNVoj6XzggUJpJjvFonERb2g2ioEhAJuBBJldMOZQENLfKpXlavGhTA1cOuwVeETtMIIXlTN7iHTcmQTQ', 'width': 1920}], 'place_id': 'ChIJE9on3F3HwoAR9AhGJW_fL-I', 'reference': 'CmRbAAAA50tiEn-FLf5lL0yl3PIKWPPQrWNLlmCkHQv1SUHF2DvqSwSPxTjx--qlKQJmpW-CLc_8h7mCloU2AWU9LJ4YPiWRE-6EvB4oHhCqQC9-vrahWrdqd8X5fzqEEfptscWGEhDFkmEMinZ4PdNzlg8HqaS4GhTcXMoRRpo2HFV1XgMcz6gpX0IDIQ', 'scope': 'GOOGLE', 'types': ['locality', 'political'], 'vicinity': 'Los Angeles'}], 'status': 'OK'}
INFO - 2018-06-05 17:45:19,868  - To Client ('127.0.0.1', 60325) : "AT Goloman +8221969.673483372 kiwi.cs.ucla.edu +34.06893-118.445127 1520023934.918963997
{
   "html_attributions": [],
   "results": [
      {
         "geometry": {
            "location": {
               "lat": 34.068864,
               "lng": -118.4450156
            },
            "viewport": {
               "northeast": {
                  "lat": 34.07021298029149,
                  "lng": -118.4436666197085
               },
               "southwest": {
                  "lat": 34.0675150197085,
                  "lng": -118.4463645802915
               }
            }
         },
         "icon": "https://maps.gstatic.com/mapfiles/place_api/icons/geocode-71.png",
         "id": "ef162ea4f60a0b3933fae75544dba377b996befa",
         "name": "Westwood Plaza",
         "place_id": "ChIJ6Re7qYi8woAR22jVhVAye2M",
         "reference": "CmRbAAAAWe7fwlykiztrd92KM99TAeiLzdtAogPOMlm1ZjlLdsdVcEENBpx969QOQG_zJiGXqX6X_iblmSPdhkoQWbKqW9RlKPgPoBBL8u-pvMdq9jS8sZ6c0LNQRf1TtbZ_BLCuEhCRpaH7bQqPu9WC_4MI4qagGhQuVwOyyQI3uIgQdvwXM75xmIgieg",
         "scope": "GOOGLE",
         "types": [
            "route"
         ],
         "vicinity": "Los Angeles"
      },
      {
         "geometry": {
            "location": {
               "lat": 34.068921,
               "lng": -118.4451811
            },
            "viewport": {
               "northeast": {
                  "lat": 34.08632165,
                  "lng": -118.4298687
               },
               "southwest": {
                  "lat": 34.05637465,
                  "lng": -118.4632287
               }
            }
         },
         "icon": "https://maps.gstatic.com/mapfiles/place_api/icons/school-71.png",
         "id": "4d56f16ad3d8976d49143fa4fdfffbc0a7ce8e39",
         "name": "University of California, Los Angeles",
         "photos": [
            {
               "height": 3024,
               "html_attributions": [
                  "<a href=\"https://maps.google.com/maps/contrib/117926064907260379503/photos\">Matt Peyton</a>"
               ],
               "photo_reference": "CmRZAAAA6Cnh_mMVI_Ywiz6eZhKdGfexZe8Zo4AmmF8rWDfL0qr03GsxMuqYN06vib_aL-knZ-4ndOsXR4YemRWAsjRhmW2XuKqGRyeXz_ss8VJIIYZ27pnHyESWlORRkY8d_fltEhAxl34a8fFk4IEttWSHxW0bGhT6d9t0OX4o4uqoeHMgL6fEuBx8iQ",
               "width": 4032
            }
         ],
         "place_id": "ChIJZQ9c8IW8woARN0gTXFiTqSU",
         "rating": 4.5,
         "reference": "CmRRAAAAIrzJmf5Rygeow_kfoc7JwttPorVDK1nu__yOmsOYx1V0H8S-dG-6-7d6ti8kOpjg-1RB3nCu6g-Cc00MbJiWo9Z-Q4-21GAnV7r6S6onLANYGc2F9po_C3D7Pptqq1rkEhDSVEKEW5S9F7t2ub385ef3GhRWZrM6rKYNWmgeVd-u-ok2ZxS2XA",
         "scope": "GOOGLE",
         "types": [
            "university",
            "point_of_interest",
            "establishment"
         ],
         "vicinity": "Los Angeles"
      },
      {
         "geometry": {
            "location": {
               "lat": 34.068921,
               "lng": -118.4451811
            },
            "viewport": {
               "northeast": {
                  "lat": 34.0702699802915,
                  "lng": -118.4438321197085
               },
               "southwest": {
                  "lat": 34.0675720197085,
                  "lng": -118.4465300802915
               }
            }
         },
         "icon": "https://maps.gstatic.com/mapfiles/place_api/icons/generic_business-71.png",
         "id": "05fd8bf85bbaa070a3a5456fe79271816aee00ca",
         "name": "UCLA Alzheimer's and Dementia Care Program",
         "opening_hours": {
            "open_now": false,
            "weekday_text": []
         },
         "place_id": "ChIJV9EqEDS7woAR-jAR0xH0lSQ",
         "reference": "CmRRAAAARPvl_zdIxlxbQkFgv_1JxC2oMtmYL-ZQFxQbFpLD6toXRtTmnoAYPjxmivjsDWtmLrpJrKk6Xc0z8oWGMScUGc4ySaCotSk8NHMGeJQiffY3oxB0asrqmxJHnenmmGKvEhDNj86N6HPJncLlWKTU15YMGhQaWwvqhf0RTW4qD3MQJvma8qCU8A",
         "scope": "GOOGLE",
         "types": [
            "health",
            "point_of_interest",
            "establishment"
         ],
         "vicinity": "200 UCLA, Medical Plaza Driveway Suite #365A, Los Angeles"
      },
      {
         "geometry": {
            "location": {
               "lat": 34.0522342,
               "lng": -118.2436849
            },
            "viewport": {
               "northeast": {
                  "lat": 34.3373061,
                  "lng": -118.1552891
               },
               "southwest": {
                  "lat": 33.7036519,
                  "lng": -118.6681759
               }
            }
         },
         "icon": "https://maps.gstatic.com/mapfiles/place_api/icons/geocode-71.png",
         "id": "7f7b7d8118ae8db8ed3f541159ac928c484d12ad",
         "name": "Los Angeles",
         "photos": [
            {
               "height": 1280,
               "html_attributions": [
                  "<a href=\"https://maps.google.com/maps/contrib/109425452136283017703/photos\">Jasmine Bustillos</a>"
               ],
               "photo_reference": "CmRaAAAA1D1l_6Oqym1ISDvl8Al1qnNyGpj51z_FQ00khSxyGKlMwdU1RjdAeBnY5dUWzpkdzkaN1_yBERqE1a65SJ7JNruFiyEU9-JWME6mtcNVoj6XzggUJpJjvFonERb2g2ioEhAJuBBJldMOZQENLfKpXlavGhTA1cOuwVeETtMIIXlTN7iHTcmQTQ",
               "width": 1920
            }
         ],
         "place_id": "ChIJE9on3F3HwoAR9AhGJW_fL-I",
         "reference": "CmRbAAAA50tiEn-FLf5lL0yl3PIKWPPQrWNLlmCkHQv1SUHF2DvqSwSPxTjx--qlKQJmpW-CLc_8h7mCloU2AWU9LJ4YPiWRE-6EvB4oHhCqQC9-vrahWrdqd8X5fzqEEfptscWGEhDFkmEMinZ4PdNzlg8HqaS4GhTcXMoRRpo2HFV1XgMcz6gpX0IDIQ",
         "scope": "GOOGLE",
         "types": [
            "locality",
            "political"
         ],
         "vicinity": "Los Angeles"
      }
   ],
   "status": "OK"
}

"
INFO - 2018-06-05 17:45:32,732  - Received From ('127.0.0.1', 60325): "IAMAT kiwi.cs.ucla.edu +34.068930-118.445127 1520023934.918963997"
INFO - 2018-06-05 17:45:32,733  - To Client ('127.0.0.1', 60325) : "AT Goloman +8221997.813092709 kiwi.cs.ucla.edu +34.068930-118.445127 1520023934.918963997"
INFO - 2018-06-05 17:45:32,733  - Server Hands Down
INFO - 2018-06-05 17:45:50,691  - Received From ('127.0.0.1', 60325): "IAMAT kiwi.cs.ucla.edu +34.068930-118.445127 1520023934.918963997"
INFO - 2018-06-05 17:45:50,691  - To Client ('127.0.0.1', 60325) : "AT Goloman +8222015.7721197605 kiwi.cs.ucla.edu +34.068930-118.445127 1520023934.918963997"
INFO - 2018-06-05 17:45:50,692  - Server Hands Up
INFO - 2018-06-05 17:45:50,693  - Recipient: Hands Output: AT Goloman +8222015.7721197605 kiwi.cs.ucla.edu +34.068930-118.445127 1520023934.918963997 Goloman

